2023-02-01T21:32:27.681341+0300 - DEBUG - Пользователь ввел 1
2023-02-01T21:39:43.959223+0300 - DEBUG - Пользователь ввел 1
2023-02-01T22:17:44.241288+0300 - DEBUG - Пользователь ввел [[<InlineKeyboardButton {"text": "1", "callback_data": "num:1"}>, <InlineKeyboardButton {"text": "2", "callback_data": "num:2"}>, <InlineKeyboardButton {"text": "3", "callback_data": "num:3"}>], [<InlineKeyboardButton {"text": "4", "callback_data": "num:4"}>, <InlineKeyboardButton {"text": "5", "callback_data": "num:5"}>, <InlineKeyboardButton {"text": "6", "callback_data": "num:6"}>], [<InlineKeyboardButton {"text": "7", "callback_data": "num:7"}>, <InlineKeyboardButton {"text": "8", "callback_data": "num:8"}>, <InlineKeyboardButton {"text": "9", "callback_data": "num:9"}>]]
2023-02-01T22:38:12.652257+0300 - DEBUG - Пользователь ввел [[<InlineKeyboardButton {"text": "X", "callback_data": "num:1"}>, <InlineKeyboardButton {"text": "2", "callback_data": "num:2"}>, <InlineKeyboardButton {"text": "3", "callback_data": "num:3"}>], [<InlineKeyboardButton {"text": "4", "callback_data": "num:4"}>, <InlineKeyboardButton {"text": "5", "callback_data": "num:5"}>, <InlineKeyboardButton {"text": "6", "callback_data": "num:6"}>], [<InlineKeyboardButton {"text": "7", "callback_data": "num:7"}>, <InlineKeyboardButton {"text": "8", "callback_data": "num:8"}>, <InlineKeyboardButton {"text": "9", "callback_data": "num:9"}>]]
2023-02-01T22:41:01.325625+0300 - DEBUG - Пользователь ввел [[<InlineKeyboardButton {"text": "X", "callback_data": "num:1"}>, <InlineKeyboardButton {"text": "2", "callback_data": "num:2"}>, <InlineKeyboardButton {"text": "3", "callback_data": "num:3"}>], [<InlineKeyboardButton {"text": "4", "callback_data": "num:4"}>, <InlineKeyboardButton {"text": "5", "callback_data": "num:5"}>, <InlineKeyboardButton {"text": "6", "callback_data": "num:6"}>], [<InlineKeyboardButton {"text": "7", "callback_data": "num:7"}>, <InlineKeyboardButton {"text": "8", "callback_data": "num:8"}>, <InlineKeyboardButton {"text": "9", "callback_data": "num:9"}>]]
2023-02-01T22:42:27.084168+0300 - DEBUG - Пользователь ввел [[<InlineKeyboardButton {"text": "X", "callback_data": "num:1"}>, <InlineKeyboardButton {"text": "2", "callback_data": "num:2"}>, <InlineKeyboardButton {"text": "3", "callback_data": "num:3"}>], [<InlineKeyboardButton {"text": "4", "callback_data": "num:4"}>, <InlineKeyboardButton {"text": "5", "callback_data": "num:5"}>, <InlineKeyboardButton {"text": "6", "callback_data": "num:6"}>], [<InlineKeyboardButton {"text": "7", "callback_data": "num:7"}>, <InlineKeyboardButton {"text": "8", "callback_data": "num:8"}>, <InlineKeyboardButton {"text": "9", "callback_data": "num:9"}>]]
2023-02-02T13:42:52.177508+0300 - INFO - Пользователь ввел 1
2023-02-02T13:43:09.947525+0300 - INFO - Пользователь ввел 2
2023-02-02T13:43:11.826632+0300 - INFO - Пользователь ввел 5
2023-02-02T13:43:13.539730+0300 - INFO - Пользователь ввел 6
2023-02-02T13:43:14.281773+0300 - INFO - Пользователь ввел 9
2023-02-02T13:44:44.694944+0300 - INFO - Пользователь ввел 1
2023-02-02T13:44:45.698001+0300 - INFO - Пользователь ввел 5
2023-02-02T13:44:46.736061+0300 - INFO - Пользователь ввел 2
2023-02-02T13:44:47.811122+0300 - INFO - Пользователь ввел 4
2023-02-02T13:44:48.845181+0300 - INFO - Пользователь ввел 3
2023-02-02T13:47:08.054144+0300 - INFO - Пользователь ввел 1
2023-02-02T13:47:11.066316+0300 - INFO - Пользователь ввел 2
2023-02-02T13:51:13.545185+0300 - INFO - Пользователь ввел 5
2023-02-02T13:51:14.743254+0300 - INFO - Пользователь ввел 2
2023-02-02T13:51:15.877318+0300 - INFO - Пользователь ввел 4
2023-02-02T13:51:17.094388+0300 - INFO - Пользователь ввел 8
2023-02-02T13:51:17.889433+0300 - INFO - Пользователь ввел 6
2023-02-02T13:51:19.350517+0300 - INFO - Пользователь ввел 1
2023-02-02T13:51:20.694594+0300 - INFO - Пользователь ввел 3
2023-02-02T13:51:21.794657+0300 - INFO - Пользователь ввел 9
2023-02-02T13:51:22.704709+0300 - INFO - Пользователь ввел 7
2023-02-02T13:56:06.430937+0300 - DEBUG - Пользователь выбрал занятую клетку
2023-02-02T13:57:42.505432+0300 - DEBUG - Пользователь выбрал занятую клетку
2023-02-02T13:57:44.847566+0300 - DEBUG - Пользователь выбрал занятую клетку
2023-02-02T13:57:45.627611+0300 - DEBUG - Пользователь выбрал занятую клетку
2023-02-02T13:57:48.839795+0300 - DEBUG - Не верный ввод пользователем
2023-02-02T13:57:51.771962+0300 - DEBUG - Пользователь выбрал занятую клетку
2023-02-02T13:57:56.444230+0300 - DEBUG - Пользователь выбрал занятую клетку
2023-02-02T13:57:57.053264+0300 - DEBUG - Пользователь выбрал занятую клетку
2023-02-02T13:57:58.241332+0300 - DEBUG - Пользователь выбрал занятую клетку
2023-02-02T13:57:58.787364+0300 - DEBUG - Пользователь выбрал занятую клетку
2023-02-02T13:58:00.423457+0300 - DEBUG - Пользователь выбрал занятую клетку
2023-02-02T13:58:02.012548+0300 - DEBUG - Не верный ввод пользователем
2023-02-02T13:58:30.005149+0300 - DEBUG - Не верный ввод пользователем
2023-02-02T14:03:59.700007+0300 - DEBUG - Не верный ввод пользователем
2023-02-02T14:04:15.816928+0300 - DEBUG - Не верный ввод пользователем
2023-02-02T14:04:22.507311+0300 - DEBUG - Пользователь выбрал занятую клетку
2023-02-02T14:11:42.390471+0300 - INFO - Пользователь ввел 1
2023-02-02T14:11:43.241520+0300 - INFO - Пользователь ввел 5
2023-02-02T14:11:44.014564+0300 - INFO - Пользователь ввел 9
2023-02-02T14:11:44.447589+0300 - INFO - Пользователь ввел 6
2023-02-02T14:11:44.795609+0300 - INFO - Пользователь ввел 3
2023-02-02T14:11:48.345812+0300 - INFO - Пользователь ввел 2
2023-02-02T14:11:48.564824+0300 - INFO - Пользователь ввел 7
2023-02-02T14:11:48.852841+0300 - INFO - Пользователь ввел 8
2023-02-02T14:11:49.385871+0300 - INFO - Пользователь ввел 4
2023-02-02T14:15:52.497776+0300 - DEBUG - Пользователь выбрал занятую клетку
2023-02-02T14:15:55.050922+0300 - DEBUG - Пользователь выбрал занятую клетку
2023-02-02T17:30:09.629526+0300 - DEBUG - Не верный ввод пользователем
2023-02-02T17:30:09.643527+0300 - DEBUG - Не верный ввод пользователем
2023-02-02T17:30:09.650527+0300 - DEBUG - Не верный ввод пользователем
2023-02-02T17:30:09.660528+0300 - DEBUG - Не верный ввод пользователем
2023-02-02T17:31:41.676791+0300 - INFO - Пользователь ввел 1
2023-02-02T17:32:50.535729+0300 - INFO - Пользователь ввел 1
2023-02-02T17:32:51.445781+0300 - INFO - Пользователь ввел 5
2023-02-02T17:32:52.889864+0300 - INFO - Пользователь ввел 2
2023-02-02T17:32:54.134935+0300 - INFO - Пользователь ввел 3
2023-02-02T17:32:56.207054+0300 - INFO - Пользователь ввел 7
2023-02-02T17:32:57.412123+0300 - INFO - Пользователь ввел 6
2023-02-02T17:32:58.483184+0300 - INFO - Пользователь ввел 4
2023-02-02T17:38:12.328135+0300 - INFO - Пользователь ввел 1
2023-02-02T17:38:13.194184+0300 - INFO - Пользователь ввел 5
2023-02-02T17:38:14.273246+0300 - INFO - Пользователь ввел 2
2023-02-02T17:38:14.977286+0300 - INFO - Пользователь ввел 3
2023-02-02T17:38:15.679327+0300 - INFO - Пользователь ввел 6
2023-02-02T17:38:19.944570+0300 - INFO - Пользователь ввел 9
2023-02-02T17:38:21.096636+0300 - INFO - Пользователь ввел 8
2023-02-02T17:38:21.875681+0300 - INFO - Пользователь ввел 4
2023-02-02T17:38:22.606723+0300 - INFO - Пользователь ввел 7
2023-02-02T17:38:27.321992+0300 - DEBUG - Пользователь выбрал занятую клетку
2023-02-02T17:39:34.201818+0300 - INFO - Пользователь ввел 1
2023-02-02T17:39:35.305881+0300 - INFO - Пользователь ввел 5
2023-02-02T17:39:36.230934+0300 - INFO - Пользователь ввел 9
2023-02-02T17:39:37.153987+0300 - INFO - Пользователь ввел 6
2023-02-02T17:39:38.338054+0300 - INFO - Пользователь ввел 2
2023-02-02T17:39:40.252164+0300 - INFO - Пользователь ввел 7
2023-02-02T17:39:41.242220+0300 - INFO - Пользователь ввел 3
2023-02-02T17:39:42.574297+0300 - INFO - Пользователь ввел 8
2023-02-02T17:39:43.470348+0300 - INFO - Пользователь ввел 4
2023-02-02T17:39:50.958776+0300 - DEBUG - Пользователь выбрал занятую клетку
2023-02-02T20:07:28.475611+0300 - INFO - Пользователь ввел 1
2023-02-02T20:07:35.589667+0300 - INFO - Пользователь ввел 2
2023-02-02T20:07:38.306556+0300 - INFO - Пользователь ввел 5
2023-02-02T20:07:41.112558+0300 - DEBUG - Пользователь выбрал занятую клетку
2023-02-02T20:07:44.137125+0300 - INFO - Пользователь ввел 9
2023-02-02T20:07:48.868381+0300 - INFO - Пользователь ввел 4
2023-02-02T20:07:51.382675+0300 - INFO - Пользователь ввел 3
2023-02-02T20:07:52.881981+0300 - INFO - Пользователь ввел 7
2023-02-02T20:08:05.457918+0300 - INFO - Пользователь ввел 8
2023-02-02T20:08:10.229255+0300 - INFO - Пользователь ввел 6
2023-02-02T20:08:26.362409+0300 - INFO - Пользователь ввел 2
2023-02-02T20:08:30.799819+0300 - INFO - Пользователь ввел 3
2023-02-02T20:08:33.082458+0300 - DEBUG - Пользователь выбрал занятую клетку
2023-02-02T20:08:36.049645+0300 - INFO - Пользователь ввел 5
2023-02-02T20:08:37.873140+0300 - INFO - Пользователь ввел 9
2023-02-02T20:14:46.442223+0300 - INFO - Пользователь ввел 1
2023-02-02T20:14:49.124152+0300 - INFO - Пользователь ввел 5
2023-02-02T20:14:52.653212+0300 - INFO - Пользователь ввел 3
2023-02-02T20:14:55.240883+0300 - INFO - Пользователь ввел 2
2023-02-02T20:14:59.180582+0300 - INFO - Пользователь ввел 8
2023-02-02T20:15:06.277217+0300 - INFO - Пользователь ввел 4
2023-02-02T20:15:08.159511+0300 - INFO - Пользователь ввел 6
2023-02-02T20:15:12.093009+0300 - INFO - Пользователь ввел 7
2023-02-02T20:15:14.141670+0300 - INFO - Пользователь ввел 9
2023-02-02T20:18:53.983630+0300 - INFO - Пользователь ввел 1
2023-02-02T20:18:55.768729+0300 - INFO - Пользователь ввел 2
2023-02-02T20:18:57.424111+0300 - INFO - Пользователь ввел 4
2023-02-02T20:18:58.799151+0300 - INFO - Пользователь ввел 5
2023-02-02T20:18:59.999352+0300 - INFO - Пользователь ввел 7
2023-02-02T20:19:10.505485+0300 - INFO - Пользователь ввел 8
2023-02-02T20:21:11.184924+0300 - INFO - Пользователь ввел 1
2023-02-02T20:21:13.588756+0300 - INFO - Пользователь ввел 3
2023-02-02T20:21:15.551643+0300 - INFO - Пользователь ввел 4
2023-02-02T20:21:16.818879+0300 - INFO - Пользователь ввел 6
2023-02-02T20:21:18.025115+0300 - INFO - Пользователь ввел 7
2023-02-02T20:21:19.945674+0300 - INFO - Пользователь ввел 9
2023-02-02T20:22:19.143494+0300 - INFO - Пользователь ввел 3
2023-02-02T20:22:20.931145+0300 - DEBUG - Пользователь выбрал занятую клетку
2023-02-02T20:22:22.670517+0300 - INFO - Пользователь ввел 2
2023-02-02T20:22:25.871485+0300 - INFO - Пользователь ввел 5
2023-02-02T20:22:27.057690+0300 - DEBUG - Пользователь выбрал занятую клетку
2023-02-02T20:22:28.468155+0300 - INFO - Пользователь ввел 8
2023-02-02T20:22:30.098335+0300 - INFO - Пользователь ввел 7
2023-02-02T20:22:31.445105+0300 - INFO - Пользователь ввел 4
2023-02-02T20:22:32.803418+0300 - INFO - Пользователь ввел 1
2023-02-02T20:40:37.424894+0300 - INFO - Пользователь ввел 1
2023-02-02T20:40:39.212527+0300 - INFO - Пользователь ввел 4
2023-02-02T20:40:40.701663+0300 - INFO - Пользователь ввел 2
2023-02-02T20:40:41.898078+0300 - INFO - Пользователь ввел 5
2023-02-02T20:40:43.209692+0300 - INFO - Пользователь ввел 3
2023-02-02T20:40:47.095264+0300 - INFO - Пользователь ввел 6
2023-02-02T20:42:41.547946+0300 - INFO - Пользователь ввел 1
2023-02-02T20:42:42.794623+0300 - INFO - Пользователь ввел 2
2023-02-02T20:42:44.021039+0300 - INFO - Пользователь ввел 4
2023-02-02T20:42:44.927564+0300 - INFO - Пользователь ввел 5
2023-02-02T20:42:45.834398+0300 - INFO - Пользователь ввел 7
2023-02-02T20:42:47.398146+0300 - INFO - Пользователь ввел 8
2023-02-02T20:43:28.127132+0300 - INFO - Пользователь ввел 3
2023-02-02T20:43:33.941415+0300 - INFO - Пользователь ввел 5
2023-02-02T20:43:45.093864+0300 - INFO - Пользователь ввел 4
2023-02-02T20:43:46.248226+0300 - DEBUG - Пользователь выбрал занятую клетку
2023-02-02T20:44:04.670849+0300 - DEBUG - Пользователь выбрал занятую клетку
2023-02-02T20:44:06.416876+0300 - INFO - Пользователь ввел 9
2023-02-02T20:44:07.483794+0300 - INFO - Пользователь ввел 6
2023-02-02T20:46:46.390684+0300 - INFO - Пользователь ввел 1
2023-02-02T20:46:47.617562+0300 - INFO - Пользователь ввел 2
2023-02-02T20:46:48.886621+0300 - INFO - Пользователь ввел 3
2023-02-02T20:46:55.139052+0300 - INFO - Пользователь ввел 4
2023-02-02T20:46:59.306165+0300 - INFO - Пользователь ввел 7
2023-02-02T20:47:07.031717+0300 - INFO - Пользователь ввел 9
2023-02-02T20:57:24.392104+0300 - INFO - Пользователь ввел 1
2023-02-02T20:57:29.275314+0300 - INFO - Пользователь ввел 5
2023-02-02T20:57:31.808301+0300 - INFO - Пользователь ввел 2
2023-02-02T20:57:35.376013+0300 - INFO - Пользователь ввел 3
2023-02-02T20:57:40.266101+0300 - INFO - Пользователь ввел 4
2023-02-02T20:57:43.767870+0300 - INFO - Пользователь ввел 6
2023-02-02T20:57:45.926770+0300 - INFO - Пользователь ввел 7
2023-02-02T20:57:50.062889+0300 - INFO - Пользователь ввел 8
2023-02-02T20:59:09.167483+0300 - INFO - Пользователь ввел 1
2023-02-02T21:01:06.737844+0300 - INFO - Пользователь ввел 1
2023-02-02T21:01:11.354661+0300 - INFO - Пользователь ввел 5
2023-02-02T21:02:25.908875+0300 - INFO - Пользователь ввел 1
2023-02-02T21:02:27.262865+0300 - INFO - Пользователь ввел 6
2023-02-02T21:02:31.528182+0300 - INFO - Пользователь ввел 4
2023-02-02T21:13:33.917845+0300 - INFO - Пользователь ввел 1
2023-02-02T21:13:35.522041+0300 - INFO - Пользователь ввел 2
2023-02-02T21:13:37.995930+0300 - INFO - Пользователь ввел 3
2023-02-02T21:13:39.257854+0300 - INFO - Пользователь ввел 5
2023-02-02T21:13:41.041213+0300 - INFO - Пользователь ввел 6
2023-02-02T21:13:42.159999+0300 - INFO - Пользователь ввел 8
2023-02-02T21:13:43.345934+0300 - INFO - Пользователь ввел 9
2023-02-02T21:25:16.567988+0300 - INFO - Пользователь ввел 1
2023-02-02T21:25:17.760830+0300 - INFO - Пользователь ввел 2
2023-02-02T21:25:18.781553+0300 - INFO - Пользователь ввел 4
2023-02-02T21:25:19.764319+0300 - INFO - Пользователь ввел 5
2023-02-02T21:25:20.924140+0300 - INFO - Пользователь ввел 7
2023-02-02T21:25:24.853649+0300 - INFO - Пользователь ввел 8
2023-02-02T21:25:30.968978+0300 - INFO - Пользователь ввел 3
2023-02-02T21:26:11.301646+0300 - INFO - Пользователь ввел 1
2023-02-02T21:26:12.135339+0300 - INFO - Пользователь ввел 2
2023-02-02T21:26:13.195146+0300 - INFO - Пользователь ввел 4
2023-02-02T21:26:14.018731+0300 - INFO - Пользователь ввел 5
2023-02-02T21:26:18.242297+0300 - INFO - Пользователь ввел 7
2023-02-02T21:26:19.538369+0300 - INFO - Пользователь ввел 8
2023-02-02T21:28:37.576540+0300 - INFO - Пользователь ввел 1
2023-02-02T21:28:39.860360+0300 - INFO - Пользователь ввел 3
2023-02-02T21:28:40.688947+0300 - INFO - Пользователь ввел 6
2023-02-02T21:28:41.480672+0300 - INFO - Пользователь ввел 9
2023-02-02T21:31:35.228329+0300 - INFO - Пользователь ввел 1
2023-02-02T21:31:36.311083+0300 - INFO - Пользователь ввел 2
2023-02-02T21:31:37.258780+0300 - INFO - Пользователь ввел 4
2023-02-02T21:31:38.359607+0300 - INFO - Пользователь ввел 5
2023-02-02T21:31:39.272239+0300 - INFO - Пользователь ввел 7
2023-02-02T21:31:43.901752+0300 - INFO - Пользователь ввел 8
2023-02-02T21:31:47.345396+0300 - INFO - Пользователь ввел 3
2023-02-02T21:31:51.212009+0300 - INFO - Пользователь ввел 6
2023-02-02T21:31:52.369828+0300 - INFO - Пользователь ввел 9
2023-02-02T21:39:50.301452+0300 - INFO - Пользователь ввел 1
2023-02-02T21:39:51.358225+0300 - INFO - Пользователь ввел 2
2023-02-02T21:39:52.133915+0300 - INFO - Пользователь ввел 4
2023-02-02T21:39:53.256726+0300 - INFO - Пользователь ввел 5
2023-02-02T21:39:53.735107+0300 - INFO - Пользователь ввел 7
2023-02-02T21:39:55.383305+0300 - INFO - Пользователь ввел 8
2023-02-02T21:39:56.855348+0300 - INFO - Пользователь ввел 3
2023-02-02T21:39:57.928111+0300 - INFO - Пользователь ввел 6
2023-02-02T21:39:58.572565+0300 - INFO - Пользователь ввел 9
2023-02-02T21:40:29.113207+0300 - INFO - Пользователь ввел 1
2023-02-02T21:40:36.018230+0300 - INFO - Пользователь ввел 2
2023-02-02T21:41:10.542291+0300 - INFO - Пользователь ввел 1
2023-02-02T21:41:11.445934+0300 - INFO - Пользователь ввел 4
2023-02-02T21:41:12.400651+0300 - INFO - Пользователь ввел 2
2023-02-02T21:41:13.377372+0300 - INFO - Пользователь ввел 5
2023-02-02T21:41:14.216047+0300 - INFO - Пользователь ввел 3
2023-02-02T21:41:15.775216+0300 - INFO - Пользователь ввел 6
2023-02-02T21:41:18.385272+0300 - INFO - Пользователь ввел 7
2023-02-02T21:41:24.767360+0300 - INFO - Пользователь ввел 8
2023-02-02T21:41:25.809100+0300 - INFO - Пользователь ввел 9
2023-02-02T21:43:27.045123+0300 - INFO - Пользователь ввел 1
2023-02-02T21:43:29.168702+0300 - INFO - Пользователь ввел 4
2023-02-02T21:43:30.400573+0300 - INFO - Пользователь ввел 2
2023-02-02T21:43:31.684483+0300 - INFO - Пользователь ввел 5
2023-02-02T21:43:32.715269+0300 - INFO - Пользователь ввел 3
2023-02-02T21:43:33.442781+0300 - INFO - Пользователь ввел 6
2023-02-02T21:45:39.480331+0300 - INFO - Пользователь ввел 1
2023-02-02T21:45:40.971494+0300 - INFO - Пользователь ввел 2
2023-02-02T21:45:42.700841+0300 - INFO - Пользователь ввел 4
2023-02-02T21:45:43.511404+0300 - INFO - Пользователь ввел 7
2023-02-02T21:45:44.059792+0300 - INFO - Пользователь ввел 8
2023-02-02T21:45:45.007538+0300 - INFO - Пользователь ввел 5
2023-02-02T21:45:47.764533+0300 - INFO - Пользователь ввел 3
2023-02-02T21:45:48.601138+0300 - INFO - Пользователь ввел 6
2023-02-02T21:49:17.602888+0300 - INFO - Пользователь ввел 1
2023-02-02T21:49:19.420248+0300 - INFO - Пользователь ввел 2
2023-02-02T21:49:20.470991+0300 - INFO - Пользователь ввел 4
2023-02-02T21:49:21.370781+0300 - INFO - Пользователь ввел 5
2023-02-02T21:49:21.773143+0300 - INFO - Пользователь ввел 7
2023-02-02T21:49:25.179883+0300 - INFO - Пользователь ввел 8
2023-02-02T21:54:12.349064+0300 - INFO - Пользователь ввел 1
2023-02-02T21:54:13.990414+0300 - INFO - Пользователь ввел 4
2023-02-02T21:54:14.952173+0300 - INFO - Пользователь ввел 2
2023-02-02T21:54:15.954970+0300 - INFO - Пользователь ввел 5
2023-02-02T21:54:49.339833+0300 - INFO - Пользователь ввел 3
2023-02-02T21:59:42.472056+0300 - INFO - Пользователь ввел 1
2023-02-02T21:59:43.502860+0300 - INFO - Пользователь ввел 4
2023-02-02T21:59:44.284414+0300 - INFO - Пользователь ввел 2
2023-02-02T21:59:45.198061+0300 - INFO - Пользователь ввел 5
2023-02-02T21:59:46.122765+0300 - INFO - Пользователь ввел 3
2023-02-02T21:59:49.478473+0300 - INFO - Пользователь ввел 6
2023-02-02T21:59:51.863458+0300 - INFO - Пользователь ввел 7
2023-02-02T21:59:54.126198+0300 - INFO - Пользователь ввел 8
2023-02-02T21:59:55.142963+0300 - INFO - Пользователь ввел 9
2023-02-02T22:03:58.388572+0300 - INFO - Пользователь ввел 1
2023-02-02T22:03:59.493361+0300 - INFO - Пользователь ввел 4
2023-02-02T22:04:00.393983+0300 - INFO - Пользователь ввел 2
2023-02-02T22:04:01.335660+0300 - INFO - Пользователь ввел 5
2023-02-02T22:04:02.169241+0300 - INFO - Пользователь ввел 3
2023-02-02T22:04:06.336322+0300 - INFO - Пользователь ввел 6
2023-02-02T22:04:25.993760+0300 - INFO - Пользователь ввел 7
2023-02-02T22:04:26.932472+0300 - INFO - Пользователь ввел 8
2023-02-02T22:09:05.110481+0300 - INFO - Пользователь ввел 1
2023-02-02T22:09:06.674684+0300 - INFO - Пользователь ввел 4
2023-02-02T22:09:07.482242+0300 - INFO - Пользователь ввел 2
2023-02-02T22:09:08.146726+0300 - INFO - Пользователь ввел 5
2023-02-02T22:09:08.842206+0300 - INFO - Пользователь ввел 3
2023-02-02T22:09:13.276458+0300 - INFO - Пользователь ввел 6
2023-02-02T22:09:15.570237+0300 - INFO - Пользователь ввел 7
2023-02-02T22:09:16.474923+0300 - INFO - Пользователь ввел 8
2023-02-02T22:10:32.593200+0300 - INFO - Пользователь ввел 1
2023-02-02T22:10:33.472837+0300 - INFO - Пользователь ввел 4
2023-02-02T22:10:34.293414+0300 - INFO - Пользователь ввел 2
2023-02-02T22:10:35.136080+0300 - INFO - Пользователь ввел 5
2023-02-02T22:10:36.287911+0300 - INFO - Пользователь ввел 3
2023-02-02T22:10:40.327061+0300 - INFO - Пользователь ввел 6
2023-02-02T22:31:21.504499+0300 - INFO - Пользователь ввел 1
2023-02-02T22:31:24.970072+0300 - INFO - Пользователь ввел 4
2023-02-02T22:31:25.760621+0300 - INFO - Пользователь ввел 2
2023-02-02T22:31:26.727307+0300 - INFO - Пользователь ввел 5
2023-02-02T22:31:27.686103+0300 - INFO - Пользователь ввел 3
2023-02-02T22:31:28.825970+0300 - INFO - Пользователь ввел 6
2023-02-02T22:44:14.204453+0300 - INFO - Пользователь ввел 1
2023-02-02T22:44:15.731532+0300 - INFO - Пользователь ввел 4
2023-02-02T22:44:17.040537+0300 - INFO - Пользователь ввел 2
2023-02-02T22:44:20.146735+0300 - INFO - Пользователь ввел 7
2023-02-02T22:44:21.950151+0300 - INFO - Пользователь ввел 3
2023-02-02T22:44:24.010646+0300 - INFO - Пользователь ввел 5
2023-02-02T22:46:23.102972+0300 - INFO - Пользователь ввел 1
2023-02-02T22:46:24.656124+0300 - INFO - Пользователь ввел 2
2023-02-02T22:46:25.600779+0300 - INFO - Пользователь ввел 4
2023-02-02T22:46:26.350347+0300 - INFO - Пользователь ввел 5
2023-02-02T22:46:27.023839+0300 - INFO - Пользователь ввел 7
2023-02-02T22:46:31.008923+0300 - INFO - Пользователь ввел 8
2023-02-02T22:51:36.874837+0300 - INFO - Пользователь ввел 1
2023-02-02T22:51:39.158669+0300 - INFO - Пользователь ввел 4
2023-02-02T22:51:40.633820+0300 - INFO - Пользователь ввел 2
2023-02-02T22:51:41.701600+0300 - INFO - Пользователь ввел 7
2023-02-02T22:51:43.501877+0300 - INFO - Пользователь ввел 3
2023-02-02T22:51:45.237105+0300 - INFO - Пользователь ввел 5
2023-02-02T23:00:41.056979+0300 - INFO - Пользователь ввел 1
2023-02-02T23:00:42.855081+0300 - INFO - Пользователь ввел 4
2023-02-02T23:00:44.200158+0300 - INFO - Пользователь ввел 2
2023-02-02T23:00:45.032206+0300 - INFO - Пользователь ввел 5
2023-02-02T23:00:46.073266+0300 - INFO - Пользователь ввел 3
2023-02-02T23:02:05.193791+0300 - INFO - Пользователь ввел 1
2023-02-02T23:02:06.196848+0300 - INFO - Пользователь ввел 5
2023-02-02T23:02:07.178905+0300 - INFO - Пользователь ввел 2
2023-02-02T23:02:10.268081+0300 - INFO - Пользователь ввел 3
2023-02-02T23:02:11.273139+0300 - INFO - Пользователь ввел 6
2023-02-02T23:02:12.714221+0300 - INFO - Пользователь ввел 4
2023-02-02T23:02:14.091300+0300 - INFO - Пользователь ввел 8
2023-02-02T23:02:16.684448+0300 - INFO - Пользователь ввел 9
2023-02-02T23:02:18.654561+0300 - INFO - Пользователь ввел 7
2023-02-02T23:05:03.373982+0300 - INFO - Пользователь ввел 1
2023-02-02T23:05:04.681057+0300 - INFO - Пользователь ввел 2
2023-02-02T23:05:05.512105+0300 - INFO - Пользователь ввел 3
2023-02-02T23:05:06.486160+0300 - INFO - Пользователь ввел 6
2023-02-02T23:05:07.292206+0300 - INFO - Пользователь ввел 5
2023-02-02T23:05:11.200430+0300 - INFO - Пользователь ввел 4
2023-02-02T23:05:12.198487+0300 - INFO - Пользователь ввел 7
2023-02-02T23:05:54.511907+0300 - INFO - Пользователь ввел 1
2023-02-02T23:05:56.233006+0300 - INFO - Пользователь ввел 2
2023-02-02T23:05:58.314125+0300 - INFO - Пользователь ввел 3
2023-02-02T23:06:00.882272+0300 - INFO - Пользователь ввел 4
2023-02-02T23:06:02.822383+0300 - INFO - Пользователь ввел 5
2023-02-02T23:06:04.997507+0300 - INFO - Пользователь ввел 7
2023-02-02T23:06:08.384701+0300 - INFO - Пользователь ввел 6
2023-02-02T23:06:10.552825+0300 - INFO - Пользователь ввел 9
2023-02-02T23:06:16.667174+0300 - INFO - Пользователь ввел 8
2023-02-02T23:08:24.004458+0300 - INFO - Пользователь ввел 1
2023-02-02T23:08:24.963513+0300 - INFO - Пользователь ввел 2
2023-02-02T23:08:26.271587+0300 - INFO - Пользователь ввел 3
2023-02-02T23:08:28.999743+0300 - INFO - Пользователь ввел 5
2023-02-02T23:08:31.295875+0300 - INFO - Пользователь ввел 8
2023-02-02T23:08:33.697012+0300 - INFO - Пользователь ввел 6
2023-02-02T23:08:35.512116+0300 - INFO - Пользователь ввел 9
2023-02-02T23:08:38.115265+0300 - INFO - Пользователь ввел 7
2023-02-02T23:08:39.320334+0300 - INFO - Пользователь ввел 4
2023-02-02T23:10:26.050438+0300 - INFO - Пользователь ввел 1
2023-02-02T23:10:26.855484+0300 - INFO - Пользователь ввел 4
2023-02-02T23:10:27.477520+0300 - INFO - Пользователь ввел 2
2023-02-02T23:10:28.119557+0300 - INFO - Пользователь ввел 5
2023-02-02T23:10:28.895601+0300 - INFO - Пользователь ввел 3
2023-02-02T23:10:47.411660+0300 - INFO - Пользователь ввел 1
2023-02-02T23:10:49.529781+0300 - INFO - Пользователь ввел 4
2023-02-02T23:10:51.856914+0300 - INFO - Пользователь ввел 5
2023-02-02T23:10:52.730964+0300 - INFO - Пользователь ввел 2
2023-02-02T23:10:54.501066+0300 - INFO - Пользователь ввел 6
2023-02-02T23:10:55.407117+0300 - INFO - Пользователь ввел 3
2023-02-02T23:10:57.637245+0300 - INFO - Пользователь ввел 8
2023-02-02T23:10:59.633359+0300 - INFO - Пользователь ввел 9
2023-02-02T23:11:06.732765+0300 - INFO - Пользователь ввел 7
2023-02-02T23:13:46.451901+0300 - INFO - Пользователь ввел 1
2023-02-02T23:13:49.715087+0300 - INFO - Пользователь ввел 2
2023-02-02T23:13:50.479131+0300 - INFO - Пользователь ввел 3
2023-02-02T23:13:52.876268+0300 - INFO - Пользователь ввел 6
2023-02-02T23:13:55.582423+0300 - INFO - Пользователь ввел 8
2023-02-02T23:13:57.623540+0300 - INFO - Пользователь ввел 5
2023-02-02T23:13:59.098624+0300 - INFO - Пользователь ввел 4
2023-02-02T23:14:00.559708+0300 - INFO - Пользователь ввел 7
2023-02-02T23:14:11.517334+0300 - INFO - Пользователь ввел 9
2023-02-02T23:19:44.983407+0300 - INFO - Пользователь ввел 1
2023-02-02T23:19:47.496551+0300 - INFO - Пользователь ввел 2
2023-02-02T23:19:49.616672+0300 - INFO - Пользователь ввел 3
2023-02-02T23:19:50.387717+0300 - INFO - Пользователь ввел 5
2023-02-02T23:19:51.677790+0300 - INFO - Пользователь ввел 4
2023-02-02T23:19:52.495837+0300 - INFO - Пользователь ввел 8
2023-02-02T23:20:06.531640+0300 - INFO - Пользователь ввел 4
2023-02-02T23:20:10.464865+0300 - DEBUG - Пользователь выбрал занятую клетку
2023-02-02T23:20:13.301027+0300 - INFO - Пользователь ввел 5
2023-02-02T23:20:14.530097+0300 - DEBUG - Пользователь выбрал занятую клетку
2023-02-02T23:20:15.888175+0300 - INFO - Пользователь ввел 6
2023-02-02T23:20:17.641275+0300 - INFO - Пользователь ввел 9
2023-02-02T23:20:19.160362+0300 - INFO - Пользователь ввел 7
2023-02-02T23:20:20.749453+0300 - DEBUG - Пользователь выбрал занятую клетку
2023-02-02T23:20:21.153476+0300 - INFO - Пользователь ввел 2
2023-02-02T23:20:23.724623+0300 - INFO - Пользователь ввел 8
2023-02-02T23:20:24.253654+0300 - INFO - Пользователь ввел 3
2023-02-02T23:20:24.675678+0300 - INFO - Пользователь ввел 9
2023-02-02T23:20:25.730738+0300 - INFO - Пользователь ввел 5
2023-02-02T23:20:26.104759+0300 - INFO - Пользователь ввел 2
2023-02-02T23:26:08.643352+0300 - INFO - Пользователь ввел 1
2023-02-02T23:26:10.452455+0300 - INFO - Пользователь ввел 4
2023-02-02T23:26:11.133494+0300 - INFO - Пользователь ввел 2
2023-02-02T23:26:11.766530+0300 - INFO - Пользователь ввел 5
2023-02-02T23:26:12.446569+0300 - INFO - Пользователь ввел 3
2023-02-02T23:31:01.905125+0300 - INFO - Пользователь ввел 1
2023-02-02T23:31:02.665169+0300 - INFO - Пользователь ввел 4
2023-02-02T23:31:03.496216+0300 - INFO - Пользователь ввел 5
2023-02-02T23:31:05.328321+0300 - INFO - Пользователь ввел 2
2023-02-02T23:31:06.436384+0300 - INFO - Пользователь ввел 9
2023-02-02T23:32:50.847356+0300 - INFO - Пользователь ввел 1
2023-02-02T23:32:52.875472+0300 - INFO - Пользователь ввел 4
2023-02-02T23:32:53.672518+0300 - INFO - Пользователь ввел 2
2023-02-02T23:32:54.366558+0300 - INFO - Пользователь ввел 5
2023-02-02T23:32:54.981593+0300 - INFO - Пользователь ввел 3
2023-02-02T23:37:43.561099+0300 - INFO - Пользователь ввел 1
2023-02-02T23:37:44.370145+0300 - INFO - Пользователь ввел 4
2023-02-02T23:37:45.022182+0300 - INFO - Пользователь ввел 2
2023-02-02T23:37:45.608216+0300 - INFO - Пользователь ввел 5
2023-02-02T23:37:46.376260+0300 - INFO - Пользователь ввел 3
2023-02-02T23:57:34.853582+0300 - INFO - Пользователь ввел 1
2023-02-02T23:57:40.901782+0300 - INFO - Пользователь ввел 2
2023-02-02T23:57:43.072615+0300 - INFO - Пользователь ввел 5
2023-02-02T23:57:44.491526+0300 - INFO - Пользователь ввел 7
2023-02-02T23:57:45.648083+0300 - INFO - Пользователь ввел 3
2023-02-02T23:57:47.129655+0300 - INFO - Пользователь ввел 4
2023-02-02T23:57:49.925879+0300 - INFO - Пользователь ввел 8
2023-02-02T23:57:51.157492+0300 - INFO - Пользователь ввел 6
2023-02-02T23:58:00.581618+0300 - INFO - Пользователь ввел 9
2023-02-02T23:59:55.136328+0300 - INFO - Пользователь ввел 2
2023-02-02T23:59:58.770181+0300 - INFO - Пользователь ввел 3
2023-02-03T00:00:02.544422+0300 - INFO - Пользователь ввел 5
2023-02-03T00:00:04.887121+0300 - INFO - Пользователь ввел 6
2023-02-03T00:00:05.926237+0300 - INFO - Пользователь ввел 8
2023-02-03T00:00:51.760371+0300 - INFO - Пользователь ввел 2
2023-02-03T00:00:55.220068+0300 - INFO - Пользователь ввел 5
2023-02-03T00:01:03.125102+0300 - INFO - Пользователь ввел 3
2023-02-03T00:01:05.979208+0300 - INFO - Пользователь ввел 8
2023-02-03T00:01:07.325092+0300 - INFO - Пользователь ввел 6
2023-02-03T00:01:10.595024+0300 - INFO - Пользователь ввел 1
2023-02-03T00:01:13.700471+0300 - INFO - Пользователь ввел 4
2023-02-03T00:01:15.215783+0300 - INFO - Пользователь ввел 9
2023-02-03T00:05:54.875937+0300 - INFO - Пользователь ввел 1
2023-02-03T00:05:56.653315+0300 - INFO - Пользователь ввел 2
2023-02-03T00:05:58.409690+0300 - INFO - Пользователь ввел 5
2023-02-03T00:05:59.722687+0300 - INFO - Пользователь ввел 7
2023-02-03T00:06:01.625186+0300 - INFO - Пользователь ввел 9
2023-02-03T00:09:30.533238+0300 - INFO - Пользователь ввел 1
2023-02-03T00:09:31.589149+0300 - INFO - Пользователь ввел 5
2023-02-03T00:09:32.430771+0300 - INFO - Пользователь ввел 2
2023-02-03T00:09:33.427628+0300 - INFO - Пользователь ввел 6
2023-02-03T00:09:34.106148+0300 - INFO - Пользователь ввел 8
2023-02-03T00:09:38.072533+0300 - INFO - Пользователь ввел 4
2023-02-03T00:12:20.080393+0300 - INFO - Пользователь ввел 1
2023-02-03T00:12:20.865042+0300 - INFO - Пользователь ввел 2
2023-02-03T00:12:21.462463+0300 - INFO - Пользователь ввел 4
2023-02-03T00:12:21.942802+0300 - INFO - Пользователь ввел 5
2023-02-03T00:12:22.600302+0300 - INFO - Пользователь ввел 7
2023-02-03T00:16:55.825907+0300 - INFO - Пользователь ввел 1
2023-02-03T00:16:56.753564+0300 - INFO - Пользователь ввел 2
2023-02-03T00:16:58.312805+0300 - INFO - Пользователь ввел 4
2023-02-03T00:16:59.008297+0300 - INFO - Пользователь ввел 5
2023-02-03T00:16:59.932021+0300 - INFO - Пользователь ввел 7
2023-02-03T00:17:05.985672+0300 - INFO - Пользователь ввел 1
2023-02-03T00:17:06.714205+0300 - INFO - Пользователь ввел 2
2023-02-03T00:17:07.375697+0300 - INFO - Пользователь ввел 4
2023-02-03T00:17:08.110230+0300 - INFO - Пользователь ввел 5
2023-02-03T00:17:08.806708+0300 - INFO - Пользователь ввел 7
2023-02-03T00:17:11.547764+0300 - INFO - Пользователь ввел 2
2023-02-03T00:17:14.004818+0300 - INFO - Пользователь ввел 3
2023-02-03T00:17:14.137912+0300 - INFO - Пользователь ввел 6
2023-02-03T00:17:17.185643+0300 - INFO - Пользователь ввел 5
2023-02-03T00:17:18.970071+0300 - INFO - Пользователь ввел 8
2023-02-03T00:17:19.909726+0300 - INFO - Пользователь ввел 7
2023-02-03T00:19:39.155444+0300 - INFO - Пользователь ввел 2
2023-02-03T00:19:40.103174+0300 - INFO - Пользователь ввел 5
2023-02-03T00:19:41.636442+0300 - INFO - Пользователь ввел 3
2023-02-03T00:19:44.088373+0300 - INFO - Пользователь ввел 4
2023-02-03T00:19:44.821997+0300 - INFO - Пользователь ввел 1
2023-02-03T00:19:53.679787+0300 - INFO - Пользователь ввел 3
2023-02-03T00:19:54.726565+0300 - INFO - Пользователь ввел 5
2023-02-03T00:19:58.173232+0300 - INFO - Пользователь ввел 1
2023-02-03T00:20:00.654099+0300 - INFO - Пользователь ввел 2
2023-02-03T00:20:02.657731+0300 - INFO - Пользователь ввел 6
2023-02-03T00:20:03.398255+0300 - INFO - Пользователь ввел 8
2023-02-03T00:25:51.091763+0300 - INFO - Пользователь ввел 1
2023-02-03T00:25:52.197652+0300 - INFO - Пользователь ввел 5
2023-02-03T00:25:53.194377+0300 - INFO - Пользователь ввел 2
2023-02-03T00:25:54.124084+0300 - INFO - Пользователь ввел 7
2023-02-03T00:25:56.219686+0300 - INFO - Пользователь ввел 9
2023-02-03T00:25:56.887168+0300 - INFO - Пользователь ввел 3
2023-02-03T00:26:11.620430+0300 - INFO - Пользователь ввел 1
2023-02-03T00:26:14.457502+0300 - INFO - Пользователь ввел 2
2023-02-03T00:26:15.081943+0300 - INFO - Пользователь ввел 5
2023-02-03T00:26:15.513247+0300 - INFO - Пользователь ввел 7
2023-02-03T00:26:16.100795+0300 - INFO - Пользователь ввел 3
2023-02-03T00:26:17.495025+0300 - INFO - Пользователь ввел 9
2023-02-03T00:26:18.337673+0300 - INFO - Пользователь ввел 6
2023-02-03T00:26:19.107207+0300 - INFO - Пользователь ввел 8
2023-02-03T00:28:44.161133+0300 - INFO - Пользователь ввел 2
2023-02-03T00:28:45.520094+0300 - INFO - Пользователь ввел 5
2023-02-03T00:28:46.383704+0300 - INFO - Пользователь ввел 3
2023-02-03T00:28:47.487485+0300 - INFO - Пользователь ввел 4
2023-02-03T00:28:48.208996+0300 - INFO - Пользователь ввел 1
2023-02-03T00:28:56.581645+0300 - INFO - Пользователь ввел 3
2023-02-03T00:28:57.969651+0300 - INFO - Пользователь ввел 2
2023-02-03T00:28:59.492763+0300 - INFO - Пользователь ввел 5
2023-02-03T00:29:01.213186+0300 - INFO - Пользователь ввел 7
2023-02-03T00:29:04.336707+0300 - INFO - Пользователь ввел 6
2023-02-03T00:29:07.217943+0300 - INFO - Пользователь ввел 4
2023-02-03T00:29:08.303712+0300 - DEBUG - Пользователь выбрал занятую клетку
2023-02-03T00:29:12.431038+0300 - INFO - Пользователь ввел 8
2023-02-03T00:29:16.833514+0300 - INFO - Пользователь ввел 9
2023-02-03T00:29:33.630040+0300 - INFO - Пользователь ввел 1
2023-02-03T00:29:35.122103+0300 - INFO - Пользователь ввел 2
2023-02-03T00:29:36.897812+0300 - INFO - Пользователь ввел 5
2023-02-03T00:29:41.074875+0300 - INFO - Пользователь ввел 7
2023-02-03T00:29:42.597016+0300 - INFO - Пользователь ввел 3
2023-02-03T00:29:43.431609+0300 - INFO - Пользователь ввел 8
2023-02-03T00:29:46.323214+0300 - INFO - Пользователь ввел 4
2023-02-03T00:31:55.214049+0300 - INFO - Пользователь ввел 1
2023-02-03T00:32:02.603204+0300 - INFO - Пользователь ввел 5
2023-02-03T00:32:05.045048+0300 - INFO - Пользователь ввел 2
2023-02-03T00:32:05.658472+0300 - INFO - Пользователь ввел 3
2023-02-03T00:32:06.981565+0300 - INFO - Пользователь ввел 9
2023-02-03T00:32:18.615197+0300 - DEBUG - Не верный ввод пользователем
2023-02-03T00:32:24.154983+0300 - INFO - Пользователь ввел 1
2023-02-03T00:32:25.262767+0300 - INFO - Пользователь ввел 2
2023-02-03T00:32:25.973314+0300 - INFO - Пользователь ввел 5
2023-02-03T00:32:29.510221+0300 - INFO - Пользователь ввел 3
2023-02-03T00:32:30.428006+0300 - INFO - Пользователь ввел 9
2023-02-03T00:32:47.867122+0300 - DEBUG - Не верный ввод пользователем
2023-02-03T00:32:56.345113+0300 - INFO - Пользователь ввел 1
2023-02-03T00:35:30.157994+0300 - INFO - Пользователь ввел 3
2023-02-03T00:35:31.382903+0300 - INFO - Пользователь ввел 2
2023-02-03T00:35:32.046443+0300 - INFO - Пользователь ввел 5
2023-02-03T00:35:33.005121+0300 - INFO - Пользователь ввел 6
2023-02-03T00:35:33.888901+0300 - INFO - Пользователь ввел 7
2023-02-03T00:39:40.830364+0300 - INFO - Пользователь ввел 1
2023-02-03T00:39:41.940231+0300 - INFO - Пользователь ввел 5
2023-02-03T00:39:44.731398+0300 - INFO - Пользователь ввел 2
2023-02-03T00:39:46.480747+0300 - INFO - Пользователь ввел 4
2023-02-03T00:39:47.401396+0300 - INFO - Пользователь ввел 3
2023-02-03T00:40:05.680373+0300 - INFO - Пользователь ввел 2
2023-02-03T00:40:06.481926+0300 - INFO - Пользователь ввел 5
2023-02-03T00:40:08.661466+0300 - INFO - Пользователь ввел 1
2023-02-03T00:40:09.847304+0300 - INFO - Пользователь ввел 7
2023-02-03T00:40:10.936207+0300 - INFO - Пользователь ввел 4
2023-02-03T00:40:11.734885+0300 - INFO - Пользователь ввел 3
2023-02-03T00:40:29.088004+0300 - INFO - Пользователь ввел 1
2023-02-03T00:40:29.868611+0300 - INFO - Пользователь ввел 2
2023-02-03T00:40:32.200272+0300 - INFO - Пользователь ввел 4
2023-02-03T00:40:32.940866+0300 - INFO - Пользователь ввел 7
2023-02-03T00:40:34.296810+0300 - INFO - Пользователь ввел 5
2023-02-03T00:40:34.942267+0300 - INFO - Пользователь ввел 9
2023-02-03T00:40:36.792753+0300 - INFO - Пользователь ввел 8
2023-02-03T00:41:33.586744+0300 - INFO - Пользователь ввел 1
2023-02-03T00:41:34.802685+0300 - INFO - Пользователь ввел 5
2023-02-03T00:41:35.748355+0300 - INFO - Пользователь ввел 2
2023-02-03T00:41:38.388476+0300 - INFO - Пользователь ввел 3
2023-02-03T00:41:40.305067+0300 - INFO - Пользователь ввел 7
2023-02-03T00:41:44.592117+0300 - INFO - Пользователь ввел 4
2023-02-03T00:41:46.467562+0300 - INFO - Пользователь ввел 6
2023-02-03T00:41:48.517192+0300 - INFO - Пользователь ввел 8
2023-02-03T00:41:54.425000+0300 - INFO - Пользователь ввел 1
2023-02-03T00:41:55.763998+0300 - INFO - Пользователь ввел 2
2023-02-03T00:41:56.375489+0300 - INFO - Пользователь ввел 5
2023-02-03T00:41:57.961921+0300 - INFO - Пользователь ввел 3
2023-02-03T00:41:58.738465+0300 - INFO - Пользователь ввел 9
2023-02-03T00:42:00.590177+0300 - INFO - Пользователь ввел 2
2023-02-03T00:42:02.595696+0300 - INFO - Пользователь ввел 3
2023-02-03T00:42:04.645675+0300 - INFO - Пользователь ввел 1
2023-02-03T00:42:05.516312+0300 - INFO - Пользователь ввел 5
2023-02-03T00:42:06.399969+0300 - INFO - Пользователь ввел 6
2023-02-03T00:42:07.168576+0300 - INFO - Пользователь ввел 7
2023-02-03T00:46:19.538749+0300 - INFO - Пользователь ввел 1
2023-02-03T00:46:20.715834+0300 - INFO - Пользователь ввел 2
2023-02-03T00:46:21.448356+0300 - INFO - Пользователь ввел 5
2023-02-03T00:46:22.309962+0300 - INFO - Пользователь ввел 3
2023-02-03T00:46:22.971432+0300 - INFO - Пользователь ввел 9
2023-02-03T00:46:43.738916+0300 - INFO - Пользователь ввел 2
2023-02-03T00:46:44.867775+0300 - INFO - Пользователь ввел 3
2023-02-03T00:46:45.837460+0300 - INFO - Пользователь ввел 1
2023-02-03T00:46:47.211606+0300 - INFO - Пользователь ввел 5
2023-02-03T00:46:47.873064+0300 - INFO - Пользователь ввел 6
2023-02-03T00:46:48.928812+0300 - INFO - Пользователь ввел 7
2023-02-03T00:47:04.103780+0300 - INFO - Пользователь ввел 1
2023-02-03T00:47:05.153523+0300 - INFO - Пользователь ввел 2
2023-02-03T00:47:07.349419+0300 - INFO - Пользователь ввел 5
2023-02-03T00:47:08.700448+0300 - INFO - Пользователь ввел 9
2023-02-03T00:47:10.660046+0300 - INFO - Пользователь ввел 3
2023-02-03T00:47:11.507677+0300 - INFO - Пользователь ввел 7
2023-02-03T00:47:13.792452+0300 - INFO - Пользователь ввел 6
2023-02-03T00:47:15.226703+0300 - INFO - Пользователь ввел 8
2023-02-03T00:47:28.285076+0300 - INFO - Пользователь ввел 1
2023-02-03T00:47:29.380911+0300 - INFO - Пользователь ввел 2
2023-02-03T00:47:32.137053+0300 - INFO - Пользователь ввел 5
2023-02-03T00:47:32.870782+0300 - INFO - Пользователь ввел 9
2023-02-03T00:47:34.156869+0300 - INFO - Пользователь ввел 3
2023-02-03T00:47:36.740989+0300 - INFO - Пользователь ввел 7
2023-02-03T00:47:38.972899+0300 - INFO - Пользователь ввел 6
2023-02-03T00:47:40.150866+0300 - INFO - Пользователь ввел 4
2023-02-03T00:48:53.184718+0300 - INFO - Пользователь ввел 1
2023-02-03T00:48:54.186417+0300 - INFO - Пользователь ввел 2
2023-02-03T00:48:56.807432+0300 - INFO - Пользователь ввел 5
2023-02-03T00:48:57.535994+0300 - INFO - Пользователь ввел 3
2023-02-03T00:48:59.070076+0300 - INFO - Пользователь ввел 9
2023-02-03T00:49:05.224612+0300 - INFO - Пользователь ввел 2
2023-02-03T00:49:06.182363+0300 - INFO - Пользователь ввел 5
2023-02-03T00:53:56.815774+0300 - INFO - Пользователь ввел 1
2023-02-03T00:53:57.647690+0300 - INFO - Пользователь ввел 5
2023-02-03T00:53:58.729677+0300 - INFO - Пользователь ввел 3
2023-02-03T00:54:01.109619+0300 - INFO - Пользователь ввел 6
2023-02-03T00:54:03.773610+0300 - INFO - Пользователь ввел 8
2023-02-03T00:54:04.497158+0300 - INFO - Пользователь ввел 4
2023-02-03T00:58:24.306297+0300 - INFO - Пользователь ввел 1
2023-02-03T00:58:25.232952+0300 - INFO - Пользователь ввел 2
2023-02-03T00:58:26.198738+0300 - INFO - Пользователь ввел 5
2023-02-03T00:58:27.402652+0300 - INFO - Пользователь ввел 9
2023-02-03T00:58:28.255239+0300 - INFO - Пользователь ввел 3
2023-02-03T00:58:29.694258+0300 - INFO - Пользователь ввел 7
2023-02-03T00:58:30.492832+0300 - INFO - Пользователь ввел 6
2023-02-03T00:58:31.636800+0300 - INFO - Пользователь ввел 8
2023-02-03T00:58:36.542625+0300 - INFO - Пользователь ввел 5
2023-02-03T00:58:37.468368+0300 - INFO - Пользователь ввел 3
2023-02-03T01:01:49.277451+0300 - INFO - Пользователь ввел 2
2023-02-03T01:01:50.439307+0300 - INFO - Пользователь ввел 5
2023-02-03T01:01:51.187837+0300 - INFO - Пользователь ввел 3
2023-02-03T01:01:52.316635+0300 - INFO - Пользователь ввел 7
2023-02-03T01:01:54.115015+0300 - INFO - Пользователь ввел 6
2023-02-03T01:01:55.388065+0300 - INFO - Пользователь ввел 8
2023-02-03T01:01:56.449796+0300 - INFO - Пользователь ввел 9
2023-02-03T01:02:07.183895+0300 - INFO - Пользователь ввел 2
2023-02-03T01:02:08.037559+0300 - INFO - Пользователь ввел 3
2023-02-03T01:02:09.527708+0300 - INFO - Пользователь ввел 5
2023-02-03T01:02:10.612537+0300 - INFO - Пользователь ввел 7
2023-02-03T01:02:12.734332+0300 - INFO - Пользователь ввел 1
2023-02-03T01:02:15.446553+0300 - INFO - Пользователь ввел 4
2023-02-03T01:02:16.258405+0300 - INFO - Пользователь ввел 9
2023-02-03T01:03:22.467297+0300 - INFO - Пользователь ввел 2
2023-02-03T01:03:23.361018+0300 - INFO - Пользователь ввел 5
2023-02-03T01:03:24.137592+0300 - INFO - Пользователь ввел 3
2023-02-03T01:03:25.170321+0300 - INFO - Пользователь ввел 7
2023-02-03T01:03:26.100062+0300 - INFO - Пользователь ввел 6
2023-02-03T01:03:30.152335+0300 - INFO - Пользователь ввел 8
2023-02-03T01:03:32.158830+0300 - INFO - Пользователь ввел 9
2023-02-03T01:03:43.716706+0300 - INFO - Пользователь ввел 2
2023-02-03T01:03:44.414202+0300 - INFO - Пользователь ввел 5
2023-02-03T01:03:45.022686+0300 - INFO - Пользователь ввел 7
2023-02-03T01:03:45.621124+0300 - INFO - Пользователь ввел 3
2023-02-03T01:03:46.236689+0300 - INFO - Пользователь ввел 4
2023-02-03T01:03:50.612051+0300 - INFO - Пользователь ввел 6
2023-02-03T01:03:51.127433+0300 - INFO - Пользователь ввел 9
2023-02-03T01:04:00.911398+0300 - INFO - Пользователь ввел 2
2023-02-03T01:04:01.880081+0300 - INFO - Пользователь ввел 5
2023-02-03T01:04:02.803842+0300 - INFO - Пользователь ввел 7
2023-02-03T01:04:03.729510+0300 - INFO - Пользователь ввел 3
2023-02-03T01:04:07.867831+0300 - INFO - Пользователь ввел 8
2023-02-03T01:04:09.551066+0300 - INFO - Пользователь ввел 4
2023-02-03T01:04:10.533806+0300 - INFO - Пользователь ввел 1
2023-02-03T01:04:15.064374+0300 - INFO - Пользователь ввел 2
2023-02-03T01:04:15.565813+0300 - INFO - Пользователь ввел 5
2023-02-03T01:04:16.542577+0300 - INFO - Пользователь ввел 8
2023-02-03T01:04:29.012877+0300 - DEBUG - Пользователь выбрал занятую клетку
2023-02-03T01:06:48.624026+0300 - INFO - Пользователь ввел 1
2023-02-03T01:06:49.534739+0300 - INFO - Пользователь ввел 2
2023-02-03T01:06:50.430383+0300 - INFO - Пользователь ввел 5
2023-02-03T01:06:51.464163+0300 - INFO - Пользователь ввел 3
2023-02-03T01:06:52.399885+0300 - INFO - Пользователь ввел 9
2023-02-03T01:07:14.846861+0300 - INFO - Пользователь ввел 3
2023-02-03T01:07:16.053748+0300 - INFO - Пользователь ввел 5
2023-02-03T01:07:18.082218+0300 - INFO - Пользователь ввел 2
2023-02-03T01:07:19.246086+0300 - INFO - Пользователь ввел 6
2023-02-03T01:07:20.103698+0300 - INFO - Пользователь ввел 9
2023-02-03T01:07:27.860491+0300 - INFO - Пользователь ввел 2
2023-02-03T01:07:28.881280+0300 - INFO - Пользователь ввел 5
2023-02-03T01:07:34.625665+0300 - INFO - Пользователь ввел 2
2023-02-03T01:07:37.274621+0300 - INFO - Пользователь ввел 3
2023-02-03T01:07:38.637581+0300 - INFO - Пользователь ввел 5
2023-02-03T01:07:40.338921+0300 - INFO - Пользователь ввел 9
2023-02-03T01:07:41.266642+0300 - INFO - Пользователь ввел 8
2023-02-03T01:07:56.508012+0300 - INFO - Пользователь ввел 3
2023-02-03T01:07:57.813030+0300 - INFO - Пользователь ввел 1
2023-02-03T01:07:58.912804+0300 - INFO - Пользователь ввел 5
2023-02-03T01:08:01.054350+0300 - INFO - Пользователь ввел 2
2023-02-03T01:08:02.149192+0300 - INFO - Пользователь ввел 7
2023-02-03T01:08:05.493742+0300 - INFO - Пользователь ввел 3
2023-02-03T01:08:07.089953+0300 - INFO - Пользователь ввел 5
2023-02-03T01:08:08.076711+0300 - INFO - Пользователь ввел 2
2023-02-03T01:08:11.949650+0300 - INFO - Пользователь ввел 1
2023-02-03T01:08:13.724904+0300 - INFO - Пользователь ввел 6
2023-02-03T01:08:25.996022+0300 - INFO - Пользователь ввел 9
2023-02-03T01:09:01.069892+0300 - INFO - Пользователь ввел 2
2023-02-03T01:09:02.302820+0300 - INFO - Пользователь ввел 3
2023-02-03T01:09:04.638615+0300 - INFO - Пользователь ввел 6
2023-02-03T01:09:05.530318+0300 - INFO - Пользователь ввел 5
2023-02-03T01:09:06.198866+0300 - INFO - Пользователь ввел 9
2023-02-03T01:09:22.581144+0300 - INFO - Пользователь ввел 2
2023-02-03T01:09:25.148072+0300 - INFO - Пользователь ввел 3
2023-02-03T01:09:26.068819+0300 - INFO - Пользователь ввел 6
2023-02-03T01:09:28.679817+0300 - INFO - Пользователь ввел 9
2023-02-03T01:09:29.881777+0300 - INFO - Пользователь ввел 5
2023-02-03T01:09:30.760520+0300 - INFO - Пользователь ввел 8
2023-02-03T01:09:31.854378+0300 - INFO - Пользователь ввел 4
2023-02-03T01:09:35.339857+0300 - INFO - Пользователь ввел 3
2023-02-03T01:09:36.254491+0300 - INFO - Пользователь ввел 2
2023-02-03T01:09:41.428710+0300 - INFO - Пользователь ввел 4
2023-02-03T01:09:44.827471+0300 - INFO - Пользователь ввел 6
2023-02-03T01:09:47.331313+0300 - INFO - Пользователь ввел 5
2023-02-03T01:09:49.621945+0300 - INFO - Пользователь ввел 1
2023-02-03T01:09:53.609875+0300 - INFO - Пользователь ввел 8
2023-02-03T01:10:26.086790+0300 - INFO - Пользователь ввел 2
2023-02-03T01:10:27.597077+0300 - INFO - Пользователь ввел 5
2023-02-03T01:10:28.560785+0300 - INFO - Пользователь ввел 3
2023-02-03T01:10:31.061696+0300 - INFO - Пользователь ввел 9
2023-02-03T01:10:32.176611+0300 - INFO - Пользователь ввел 1
2023-02-03T01:15:10.767034+0300 - INFO - Пользователь ввел 3
2023-02-03T01:15:12.125992+0300 - INFO - Пользователь ввел 5
2023-02-03T01:15:13.602082+0300 - INFO - Пользователь ввел 2
2023-02-03T01:15:14.319716+0300 - INFO - Пользователь ввел 6
2023-02-03T01:15:15.264420+0300 - INFO - Пользователь ввел 1
2023-02-03T01:15:22.522458+0300 - INFO - Пользователь ввел 2
2023-02-03T01:15:23.503151+0300 - INFO - Пользователь ввел 3
2023-02-03T01:15:24.249797+0300 - INFO - Пользователь ввел 6
2023-02-03T01:15:24.930279+0300 - INFO - Пользователь ввел 5
2023-02-03T01:15:27.950662+0300 - INFO - Пользователь ввел 9
2023-02-03T01:15:29.045490+0300 - INFO - Пользователь ввел 7
2023-02-03T01:16:32.043293+0300 - INFO - Пользователь ввел 3
2023-02-03T01:16:33.425361+0300 - INFO - Пользователь ввел 6
2023-02-03T01:16:34.453084+0300 - INFO - Пользователь ввел 5
2023-02-03T01:16:35.163448+0300 - INFO - Пользователь ввел 9
2023-02-03T01:16:36.078279+0300 - INFO - Пользователь ввел 7
2023-02-03T01:17:03.554906+0300 - INFO - Пользователь ввел 2
2023-02-03T01:17:04.515685+0300 - INFO - Пользователь ввел 3
2023-02-03T01:17:06.560206+0300 - INFO - Пользователь ввел 1
2023-02-03T01:17:07.362775+0300 - INFO - Пользователь ввел 5
2023-02-03T01:17:08.069349+0300 - INFO - Пользователь ввел 6
2023-02-03T01:17:09.120128+0300 - INFO - Пользователь ввел 7
2023-02-03T01:17:20.372494+0300 - INFO - Пользователь ввел 2
2023-02-03T01:17:21.198131+0300 - INFO - Пользователь ввел 5
2023-02-03T01:17:21.700499+0300 - INFO - Пользователь ввел 8
2023-02-03T01:17:22.281899+0300 - INFO - Пользователь ввел 3
2023-02-03T01:17:24.316596+0300 - INFO - Пользователь ввел 6
2023-02-03T01:17:26.962860+0300 - INFO - Пользователь ввел 4
2023-02-03T01:17:27.754439+0300 - INFO - Пользователь ввел 7
2023-02-03T01:17:30.477653+0300 - INFO - Пользователь ввел 9
2023-02-03T01:17:39.523933+0300 - INFO - Пользователь ввел 2
2023-02-03T01:17:40.062311+0300 - INFO - Пользователь ввел 5
2023-02-03T01:17:47.076082+0300 - INFO - Пользователь ввел 2
2023-02-03T01:17:48.198877+0300 - INFO - Пользователь ввел 5
2023-02-03T01:17:48.980500+0300 - INFO - Пользователь ввел 3
2023-02-03T01:17:49.490860+0300 - INFO - Пользователь ввел 6
2023-02-03T01:17:50.157345+0300 - INFO - Пользователь ввел 8
2023-02-03T01:17:54.469635+0300 - INFO - Пользователь ввел 7
2023-02-03T01:17:55.775575+0300 - INFO - Пользователь ввел 9
2023-02-03T01:17:56.866377+0300 - INFO - Пользователь ввел 4
2023-02-03T01:19:23.376833+0300 - INFO - Пользователь ввел 2
2023-02-03T01:19:24.234477+0300 - INFO - Пользователь ввел 3
2023-02-03T01:19:25.062121+0300 - INFO - Пользователь ввел 5
2023-02-03T01:19:26.201011+0300 - INFO - Пользователь ввел 6
2023-02-03T01:19:27.625112+0300 - INFO - Пользователь ввел 8
2023-02-03T01:19:31.392204+0300 - INFO - Пользователь ввел 5
2023-02-03T01:19:32.425936+0300 - INFO - Пользователь ввел 3
2023-02-03T01:19:33.122428+0300 - INFO - Пользователь ввел 6
2023-02-03T01:19:33.640872+0300 - INFO - Пользователь ввел 9
2023-02-03T01:20:56.005860+0300 - INFO - Пользователь ввел 2
2023-02-03T01:20:56.907639+0300 - INFO - Пользователь ввел 3
2023-02-03T01:20:57.777306+0300 - INFO - Пользователь ввел 5
2023-02-03T01:20:58.600937+0300 - INFO - Пользователь ввел 6
2023-02-03T01:20:59.452665+0300 - INFO - Пользователь ввел 8
2023-02-03T01:21:12.238760+0300 - INFO - Пользователь ввел 2
2023-02-03T01:21:13.300735+0300 - INFO - Пользователь ввел 3
2023-02-03T01:21:15.603927+0300 - INFO - Пользователь ввел 6
2023-02-03T01:21:16.248431+0300 - INFO - Пользователь ввел 5
2023-02-03T01:21:17.466317+0300 - INFO - Пользователь ввел 9
2023-02-03T01:21:18.276889+0300 - INFO - Пользователь ввел 7
2023-02-03T01:21:29.869384+0300 - INFO - Пользователь ввел 2
2023-02-03T01:21:30.693972+0300 - INFO - Пользователь ввел 3
2023-02-03T01:21:32.231115+0300 - INFO - Пользователь ввел 5
2023-02-03T01:21:36.415774+0300 - INFO - Пользователь ввел 8
2023-02-03T01:21:37.090251+0300 - INFO - Пользователь ввел 6
2023-02-03T01:21:38.454324+0300 - INFO - Пользователь ввел 4
2023-02-03T01:21:40.200749+0300 - INFO - Пользователь ввел 9
2023-02-03T01:21:41.247574+0300 - INFO - Пользователь ввел 1
2023-02-03T01:21:47.995107+0300 - INFO - Пользователь ввел 2
2023-02-03T01:21:48.907759+0300 - INFO - Пользователь ввел 5
2023-02-03T01:21:54.556198+0300 - INFO - Пользователь ввел 5
2023-02-03T01:21:55.436826+0300 - INFO - Пользователь ввел 2
2023-02-03T01:22:39.734290+0300 - INFO - Пользователь ввел 2
2023-02-03T01:22:42.290450+0300 - INFO - Пользователь ввел 3
2023-02-03T01:22:43.065995+0300 - INFO - Пользователь ввел 6
2023-02-03T01:22:43.761524+0300 - INFO - Пользователь ввел 5
2023-02-03T01:22:44.568046+0300 - INFO - Пользователь ввел 9
2023-02-03T01:22:45.842094+0300 - INFO - Пользователь ввел 7
2023-02-03T01:22:49.810274+0300 - INFO - Пользователь ввел 2
2023-02-03T01:22:50.718027+0300 - INFO - Пользователь ввел 3
2023-02-03T01:22:51.384571+0300 - INFO - Пользователь ввел 5
2023-02-03T01:22:51.935946+0300 - INFO - Пользователь ввел 6
2023-02-03T01:22:52.662503+0300 - INFO - Пользователь ввел 8
2023-02-03T01:22:56.025110+0300 - INFO - Пользователь ввел 2
2023-02-03T01:22:56.840672+0300 - INFO - Пользователь ввел 3
2023-02-03T01:22:57.868520+0300 - INFO - Пользователь ввел 5
2023-02-03T01:23:00.055529+0300 - INFO - Пользователь ввел 6
2023-02-03T01:23:01.969931+0300 - INFO - Пользователь ввел 9
2023-02-03T01:23:03.161769+0300 - INFO - Пользователь ввел 1
2023-02-03T01:23:06.218211+0300 - INFO - Пользователь ввел 7
2023-02-03T01:23:07.206898+0300 - INFO - Пользователь ввел 8
2023-02-03T01:23:10.234268+0300 - INFO - Пользователь ввел 2
2023-02-03T01:23:11.226961+0300 - INFO - Пользователь ввел 6
2023-02-03T01:23:17.445908+0300 - INFO - Пользователь ввел 2
2023-02-03T01:23:18.548876+0300 - INFO - Пользователь ввел 6
2023-02-03T01:25:38.132792+0300 - INFO - Пользователь ввел 3
2023-02-03T01:25:39.240577+0300 - INFO - Пользователь ввел 5
2023-02-03T01:25:40.699753+0300 - INFO - Пользователь ввел 6
2023-02-03T01:25:41.528377+0300 - INFO - Пользователь ввел 2
2023-02-03T01:25:42.995578+0300 - INFO - Пользователь ввел 9
2023-02-03T01:25:47.465236+0300 - INFO - Пользователь ввел 2
2023-02-03T01:25:48.515975+0300 - INFO - Пользователь ввел 3
2023-02-03T01:25:49.847996+0300 - INFO - Пользователь ввел 5
2023-02-03T01:25:50.529476+0300 - INFO - Пользователь ввел 6
2023-02-03T01:25:51.376071+0300 - INFO - Пользователь ввел 1
2023-02-03T01:25:55.588832+0300 - INFO - Пользователь ввел 9
2023-02-03T01:25:59.519140+0300 - INFO - Пользователь ввел 2
2023-02-03T01:26:00.402921+0300 - INFO - Пользователь ввел 3
2023-02-03T01:26:01.326619+0300 - INFO - Пользователь ввел 5
2023-02-03T01:26:02.286300+0300 - INFO - Пользователь ввел 6
2023-02-03T01:26:03.704303+0300 - INFO - Пользователь ввел 9
2023-02-03T01:26:04.964257+0300 - INFO - Пользователь ввел 8
2023-02-03T01:26:08.209743+0300 - INFO - Пользователь ввел 1
2023-02-03T01:26:12.864230+0300 - INFO - Пользователь ввел 2
2023-02-03T01:26:14.564588+0300 - INFO - Пользователь ввел 5
2023-02-03T01:26:15.479379+0300 - INFO - Пользователь ввел 3
2023-02-03T01:26:17.083589+0300 - INFO - Пользователь ввел 1
2023-02-03T01:26:18.857015+0300 - INFO - Пользователь ввел 6
2023-02-03T01:26:23.719302+0300 - INFO - Пользователь ввел 8
2023-02-03T01:26:25.116436+0300 - INFO - Пользователь ввел 7
2023-02-03T01:26:39.097981+0300 - INFO - Пользователь ввел 9
2023-02-03T01:26:43.965916+0300 - INFO - Пользователь ввел 2
2023-02-03T01:26:45.663236+0300 - INFO - Пользователь ввел 3
2023-02-03T01:26:48.265462+0300 - INFO - Пользователь ввел 5
2023-02-03T01:26:50.687471+0300 - INFO - Пользователь ввел 6
2023-02-03T01:26:53.568644+0300 - INFO - Пользователь ввел 9
2023-02-03T01:26:55.529097+0300 - INFO - Пользователь ввел 1
2023-02-03T01:26:57.595658+0300 - INFO - Пользователь ввел 4
2023-02-03T01:26:59.210172+0300 - INFO - Пользователь ввел 8
2023-02-03T01:27:02.934186+0300 - INFO - Пользователь ввел 2
2023-02-03T01:27:03.781802+0300 - INFO - Пользователь ввел 3
2023-02-03T01:27:08.854679+0300 - INFO - Пользователь ввел 2
2023-02-03T01:27:09.675255+0300 - INFO - Пользователь ввел 3
2023-02-03T01:32:15.377518+0300 - INFO - Пользователь ввел 2
2023-02-03T01:32:16.380536+0300 - INFO - Пользователь ввел 3
2023-02-03T01:32:17.040995+0300 - INFO - Пользователь ввел 5
2023-02-03T01:32:17.650554+0300 - INFO - Пользователь ввел 6
2023-02-03T01:32:18.333038+0300 - INFO - Пользователь ввел 8
2023-02-03T01:32:23.440253+0300 - INFO - Пользователь ввел 3
2023-02-03T01:32:24.214800+0300 - INFO - Пользователь ввел 2
2023-02-03T01:32:24.755184+0300 - INFO - Пользователь ввел 6
2023-02-03T01:32:25.199508+0300 - INFO - Пользователь ввел 5
2023-02-03T01:32:25.799924+0300 - INFO - Пользователь ввел 1
2023-02-03T01:32:29.572088+0300 - INFO - Пользователь ввел 8
2023-02-03T01:32:36.924513+0300 - INFO - Пользователь ввел 2
2023-02-03T01:32:37.984270+0300 - INFO - Пользователь ввел 3
2023-02-03T01:32:42.568613+0300 - INFO - Пользователь ввел 5
2023-02-03T01:32:45.747287+0300 - INFO - Пользователь ввел 8
2023-02-03T01:32:48.877738+0300 - INFO - Пользователь ввел 6
2023-02-03T01:32:50.181661+0300 - INFO - Пользователь ввел 4
2023-02-03T01:32:52.663746+0300 - INFO - Пользователь ввел 9
2023-02-03T01:32:54.019823+0300 - INFO - Пользователь ввел 1
2023-02-03T01:33:03.066541+0300 - INFO - Пользователь ввел 2
2023-02-03T01:33:03.906121+0300 - INFO - Пользователь ввел 6
2023-02-03T01:33:14.673886+0300 - DEBUG - Не верный ввод пользователем
2023-02-03T01:33:19.629576+0300 - INFO - Пользователь ввел 2
2023-02-03T01:33:20.497192+0300 - INFO - Пользователь ввел 3
2023-02-03T01:33:21.482901+0300 - INFO - Пользователь ввел 5
2023-02-03T01:33:22.759882+0300 - INFO - Пользователь ввел 6
2023-02-03T01:33:23.520496+0300 - INFO - Пользователь ввел 8
2023-02-03T01:34:18.242586+0300 - INFO - Пользователь ввел 2
2023-02-03T01:34:19.010117+0300 - INFO - Пользователь ввел 5
2023-02-03T01:34:22.674174+0300 - DEBUG - Не верный ввод пользователем
2023-02-03T01:34:25.284353+0300 - INFO - Пользователь ввел 6
2023-02-03T01:34:29.258376+0300 - INFO - Пользователь ввел 3
2023-02-03T01:34:33.305774+0300 - INFO - Пользователь ввел 8
2023-02-03T01:34:34.318502+0300 - INFO - Пользователь ввел 7
2023-02-03T01:34:48.207536+0300 - INFO - Пользователь ввел 2
2023-02-03T01:34:49.287378+0300 - INFO - Пользователь ввел 6
2023-02-03T01:34:50.472213+0300 - DEBUG - Пользователь выбрал занятую клетку
2023-02-03T01:34:52.520210+0300 - INFO - Пользователь ввел 3
2023-02-03T01:34:58.696215+0300 - DEBUG - Не верный ввод пользователем
2023-02-03T01:35:03.015612+0300 - INFO - Пользователь ввел 5
2023-02-03T01:35:03.959295+0300 - INFO - Пользователь ввел 9
2023-02-03T01:35:04.947065+0300 - INFO - Пользователь ввел 4
2023-02-03T02:10:18.322721+0300 - INFO - Пользователь ввел 1
2023-02-03T02:10:18.967758+0300 - INFO - Пользователь ввел 2
2023-02-03T02:10:19.682799+0300 - INFO - Пользователь ввел 5
2023-02-03T02:10:20.436842+0300 - INFO - Пользователь ввел 3
2023-02-03T02:10:21.176884+0300 - INFO - Пользователь ввел 9
2023-02-03T02:10:23.781033+0300 - INFO - Пользователь ввел 1
2023-02-03T02:10:25.093108+0300 - INFO - Пользователь ввел 2
2023-02-03T02:10:26.215172+0300 - INFO - Пользователь ввел 4
2023-02-03T02:10:26.776204+0300 - INFO - Пользователь ввел 5
2023-02-03T02:10:27.463244+0300 - INFO - Пользователь ввел 7
2023-02-03T02:10:30.786434+0300 - INFO - Пользователь ввел 1
2023-02-03T02:10:32.671542+0300 - INFO - Пользователь ввел 2
2023-02-03T02:10:35.788720+0300 - INFO - Пользователь ввел 3
2023-02-03T02:10:36.354752+0300 - INFO - Пользователь ввел 5
2023-02-03T02:10:37.090794+0300 - INFO - Пользователь ввел 4
2023-02-03T02:10:37.850838+0300 - INFO - Пользователь ввел 8
2023-02-03T02:10:41.068022+0300 - INFO - Пользователь ввел 1
2023-02-03T02:10:41.825065+0300 - INFO - Пользователь ввел 5
2023-02-03T02:10:42.607110+0300 - INFO - Пользователь ввел 7
2023-02-03T02:10:45.009247+0300 - INFO - Пользователь ввел 2
2023-02-03T02:10:47.125368+0300 - INFO - Пользователь ввел 3
2023-02-03T02:10:49.743518+0300 - INFO - Пользователь ввел 9
2023-02-03T02:10:50.755576+0300 - INFO - Пользователь ввел 6
2023-02-03T02:10:54.759805+0300 - INFO - Пользователь ввел 4
2023-02-03T02:19:27.748146+0300 - INFO - Пользователь ввел 1
2023-02-03T02:19:28.514190+0300 - INFO - Пользователь ввел 2
2023-02-03T02:19:29.275234+0300 - INFO - Пользователь ввел 5
2023-02-03T02:19:29.910270+0300 - INFO - Пользователь ввел 3
2023-02-03T02:19:30.593309+0300 - INFO - Пользователь ввел "X"
2023-02-03T02:19:30.718316+0300 - INFO - Пользователь ввел 9
2023-02-03T02:19:36.434643+0300 - INFO - Пользователь остановил игру
2023-02-03T02:21:25.093858+0300 - INFO - Пользователь ввел 1
2023-02-03T02:21:25.947907+0300 - INFO - Пользователь ввел 4
2023-02-03T02:21:28.774069+0300 - INFO - Пользователь ввел 7
2023-02-03T02:21:29.365102+0300 - INFO - Пользователь ввел 5
2023-02-03T02:21:30.238152+0300 - INFO - Пользователь ввел 8
2023-02-03T02:21:31.479223+0300 - INFO - Пользователь ввел "O"
2023-02-03T02:21:31.606231+0300 - INFO - Пользователь ввел 6
2023-02-03T02:21:35.440450+0300 - INFO - Пользователь ввел 1
2023-02-03T02:21:36.377504+0300 - INFO - Пользователь ввел 5
2023-02-03T02:21:36.957537+0300 - INFO - Пользователь ввел 2
2023-02-03T02:21:37.844587+0300 - INFO - Пользователь ввел 6
2023-02-03T02:21:38.427621+0300 - INFO - Пользователь ввел "X"
2023-02-03T02:21:38.556628+0300 - INFO - Пользователь ввел 3
2023-02-03T02:21:42.638862+0300 - INFO - Пользователь ввел 1
2023-02-03T02:21:43.486910+0300 - INFO - Пользователь ввел 4
2023-02-03T02:21:45.360017+0300 - INFO - Пользователь ввел 2
2023-02-03T02:21:46.368075+0300 - INFO - Пользователь ввел 5
2023-02-03T02:21:47.420135+0300 - INFO - Пользователь ввел 8
2023-02-03T02:21:48.246182+0300 - INFO - Пользователь ввел 3
2023-02-03T02:21:50.064286+0300 - INFO - Пользователь ввел 6
2023-02-03T02:21:52.300414+0300 - INFO - Пользователь ввел 9
2023-02-03T02:22:03.145035+0300 - INFO - Пользователь ввел 1
2023-02-03T02:22:03.764070+0300 - INFO - Пользователь ввел 4
2023-02-03T02:22:05.212153+0300 - INFO - Пользователь остановил игру
2023-02-03T02:23:27.683870+0300 - INFO - Пользователь ввел 1
2023-02-03T02:23:28.468915+0300 - INFO - Пользователь ввел 4
2023-02-03T02:23:30.931056+0300 - DEBUG - Пользователь выбрал занятую клетку
2023-02-03T02:23:34.074235+0300 - INFO - Пользователь ввел 5
2023-02-03T02:23:35.408312+0300 - DEBUG - Пользователь выбрал занятую клетку
2023-02-03T02:23:37.007403+0300 - INFO - Пользователь ввел 2
2023-02-03T02:23:38.482488+0300 - DEBUG - Пользователь выбрал занятую клетку
2023-02-03T02:23:41.884682+0300 - DEBUG - Не верный ввод пользователем
2023-02-03T02:23:56.432514+0300 - INFO - Пользователь ввел 8
2023-02-03T02:23:58.494632+0300 - INFO - Пользователь ввел 3
2023-02-03T02:23:59.942715+0300 - INFO - Пользователь ввел "X"
2023-02-03T02:24:00.062722+0300 - INFO - Пользователь ввел 9
2023-02-03T02:24:12.927458+0300 - INFO - Пользователь ввел 1
2023-02-03T02:24:16.141641+0300 - DEBUG - Не верный ввод пользователем
2023-02-03T02:24:23.081038+0300 - INFO - Пользователь ввел 2
2023-02-03T02:24:27.448288+0300 - INFO - Пользователь ввел 3
2023-02-03T02:24:30.067438+0300 - INFO - Пользователь ввел 6
2023-02-03T02:24:30.521464+0300 - INFO - Пользователь ввел 5
2023-02-03T02:24:32.239562+0300 - INFO - Пользователь ввел 8
2023-02-03T02:24:35.100726+0300 - INFO - Пользователь ввел "X"
2023-02-03T02:24:35.220733+0300 - INFO - Пользователь ввел 9
2023-02-03T02:30:35.662349+0300 - INFO - Пользователь остановил игру
2023-02-03T02:30:35.802357+0300 - INFO - Пользователь остановил игру
2023-02-03T02:30:47.519027+0300 - INFO - Пользователь ввел 1
2023-02-03T02:30:48.303072+0300 - INFO - Пользователь ввел 5
2023-02-03T02:30:49.360132+0300 - INFO - Пользователь ввел 2
2023-02-03T02:30:50.666207+0300 - INFO - Пользователь ввел 6
2023-02-03T02:30:51.229239+0300 - INFO - Пользователь ввел "X"
2023-02-03T02:30:51.349246+0300 - INFO - Пользователь ввел 3
2023-02-03T02:32:59.569580+0300 - INFO - Пользователь ввел 1
2023-02-03T02:33:00.432629+0300 - INFO - Пользователь ввел 5
2023-02-03T02:33:00.865654+0300 - INFO - Пользователь ввел 2
2023-02-03T02:33:01.378683+0300 - INFO - Пользователь ввел 6
2023-02-03T02:33:01.810708+0300 - INFO - Пользователь ввел "X"
2023-02-03T02:33:01.926715+0300 - INFO - Пользователь ввел 3
2023-02-03T02:33:13.473375+0300 - INFO - Пользователь ввел 1
2023-02-03T02:36:04.823176+0300 - INFO - Пользователь ввел 1
2023-02-03T02:36:16.704855+0300 - INFO - Пользователь ввел 2
2023-02-03T02:36:18.220942+0300 - INFO - Пользователь ввел 4
2023-02-03T02:36:18.787974+0300 - INFO - Пользователь ввел 5
2023-02-03T02:36:19.399009+0300 - INFO - Пользователь ввел "X"
2023-02-03T02:36:19.520016+0300 - INFO - Пользователь ввел 7
2023-02-03T02:39:47.822931+0300 - INFO - Пользователь ввел 1
2023-02-03T02:39:53.130234+0300 - DEBUG - Пользователь выбрал занятую клетку
2023-02-03T02:39:55.045344+0300 - DEBUG - Пользователь выбрал занятую клетку
2023-02-03T02:39:59.757613+0300 - INFO - Пользователь остановил игру
2023-02-03T02:40:03.094804+0300 - INFO - Пользователь ввел 1
2023-02-03T02:40:04.045859+0300 - INFO - Пользователь ввел 2
2023-02-03T02:40:10.539230+0300 - INFO - Пользователь ввел 5
2023-02-03T02:40:11.435281+0300 - INFO - Пользователь ввел 3
2023-02-03T02:40:13.915423+0300 - INFO - Пользователь ввел 8
2023-02-03T02:40:14.522458+0300 - INFO - Пользователь ввел 6
2023-02-03T02:40:16.142550+0300 - INFO - Пользователь ввел 4
2023-02-03T02:40:17.137607+0300 - INFO - Пользователь ввел "O"
2023-02-03T02:40:17.271615+0300 - INFO - Пользователь ввел 9
2023-02-03T02:45:11.233429+0300 - INFO - Пользователь ввел 1
2023-02-03T02:45:12.399495+0300 - DEBUG - Пользователь выбрал занятую клетку
2023-02-03T02:45:15.846692+0300 - INFO - Пользователь ввел 2
2023-02-03T02:45:18.941870+0300 - DEBUG - Не верный ввод пользователем
2023-02-03T02:46:31.360012+0300 - INFO - Пользователь ввел 1
2023-02-03T02:46:32.179058+0300 - INFO - Пользователь ввел 4
2023-02-03T02:46:32.910100+0300 - INFO - Пользователь ввел 2
2023-02-03T02:46:34.860212+0300 - DEBUG - Не верный ввод пользователем
2023-02-03T02:46:38.354412+0300 - INFO - Пользователь ввел 5
2023-02-03T02:46:40.395528+0300 - INFO - Пользователь ввел "X"
2023-02-03T02:46:40.532536+0300 - INFO - Пользователь ввел 3
2023-02-03T02:46:44.368756+0300 - INFO - Пользователь ввел 4
2023-02-03T02:46:45.272807+0300 - INFO - Пользователь ввел 2
2023-02-03T02:46:46.052852+0300 - INFO - Пользователь ввел 5
2023-02-03T02:46:47.437931+0300 - INFO - Пользователь ввел 3
2023-02-03T02:46:48.486991+0300 - INFO - Пользователь ввел 8
2023-02-03T02:46:52.115199+0300 - INFO - Пользователь ввел "O"
2023-02-03T02:46:52.235206+0300 - INFO - Пользователь ввел 1
2023-02-03T02:46:57.907530+0300 - INFO - Пользователь остановил игру 😲
2023-02-03T02:51:56.229593+0300 - INFO - Пользователь ввел 1
2023-02-03T02:51:58.132702+0300 - INFO - Пользователь ввел 2
2023-02-03T02:52:00.820856+0300 - DEBUG - Пользователь выбрал занятую клетку
2023-02-03T02:52:03.517010+0300 - INFO - Пользователь ввел 3
2023-02-03T02:52:06.260167+0300 - INFO - Пользователь ввел 4
2023-02-03T02:52:11.428462+0300 - INFO - Пользователь ввел 5
2023-02-03T02:52:12.255510+0300 - INFO - Пользователь ввел 6
2023-02-03T02:52:12.820542+0300 - DEBUG - Пользователь выбрал занятую клетку
2023-02-03T02:52:35.070815+0300 - INFO - Пользователь ввел 1
2023-02-03T02:52:36.990925+0300 - INFO - Пользователь ввел 2
2023-02-03T02:52:45.011383+0300 - INFO - Пользователь ввел 4
2023-02-03T02:52:46.457466+0300 - INFO - Пользователь ввел 5
2023-02-03T02:54:34.980673+0300 - INFO - Пользователь ввел 1
2023-02-03T02:54:36.440757+0300 - INFO - Пользователь ввел 2
2023-02-03T02:54:39.104909+0300 - INFO - Пользователь ввел 3
2023-02-03T02:54:41.976073+0300 - INFO - Пользователь ввел 5
2023-02-03T02:54:43.934185+0300 - INFO - Пользователь ввел 4
2023-02-03T02:54:44.825236+0300 - INFO - Пользователь ввел "O"
2023-02-03T02:54:44.948243+0300 - INFO - Пользователь ввел 8
2023-02-03T02:56:33.663461+0300 - INFO - Пользователь ввел 1
2023-02-03T02:56:34.717522+0300 - INFO - Пользователь ввел 5
2023-02-03T02:56:35.625574+0300 - INFO - Пользователь ввел 2
2023-02-03T02:56:37.604687+0300 - INFO - Пользователь ввел 3
2023-02-03T02:56:38.489737+0300 - INFO - Пользователь ввел 6
2023-02-03T02:56:40.903876+0300 - INFO - Пользователь ввел 9
2023-02-03T02:56:43.269011+0300 - INFO - Пользователь ввел 8
2023-02-03T02:56:44.816099+0300 - INFO - Пользователь ввел 4
2023-02-03T02:56:49.749381+0300 - INFO - Пользователь ввел 7
2023-02-03T02:57:22.992283+0300 - INFO - Пользователь ввел 1
2023-02-03T02:57:26.683494+0300 - INFO - Пользователь ввел 2
2023-02-03T02:57:36.788072+0300 - INFO - Пользователь ввел 3
2023-02-03T02:57:38.049144+0300 - INFO - Пользователь ввел 5
2023-02-03T02:57:38.975197+0300 - INFO - Пользователь ввел 4
2023-02-03T02:57:39.931252+0300 - INFO - Пользователь ввел "X"
2023-02-03T02:57:40.048258+0300 - INFO - Пользователь ввел 8
2023-02-03T02:57:42.008371+0300 - INFO - Пользователь ввел 7
2023-02-03T02:57:42.982426+0300 - INFO - Пользователь ввел 9
2023-02-03T02:57:43.734469+0300 - INFO - Пользователь ввел 6
2023-02-03T02:57:48.198725+0300 - INFO - Пользователь ввел 1
2023-02-03T02:57:51.086890+0300 - DEBUG - Пользователь выбрал занятую клетку
2023-02-03T02:57:53.081004+0300 - DEBUG - Пользователь выбрал занятую клетку
2023-02-03T02:57:53.866049+0300 - INFO - Пользователь ввел 2
2023-02-03T02:57:55.005114+0300 - DEBUG - Пользователь выбрал занятую клетку
2023-02-03T02:57:56.511200+0300 - DEBUG - Пользователь выбрал занятую клетку
2023-02-03T02:57:58.516315+0300 - DEBUG - Пользователь выбрал занятую клетку
2023-02-03T02:57:59.912395+0300 - INFO - Пользователь ввел "O"
2023-02-03T02:58:00.096405+0300 - INFO - Пользователь ввел 5
2023-02-03T02:58:51.324335+0300 - INFO - Пользователь ввел 1
2023-02-03T02:58:52.420398+0300 - INFO - Пользователь ввел 2
2023-02-03T02:58:53.696471+0300 - INFO - Пользователь ввел 4
2023-02-03T02:58:54.506517+0300 - INFO - Пользователь ввел 5
2023-02-03T02:58:55.636582+0300 - INFO - Пользователь ввел "X"
2023-02-03T02:58:55.760589+0300 - INFO - Пользователь ввел 7
2023-02-03T02:59:03.156012+0300 - INFO - Пользователь ввел 8
2023-02-03T02:59:03.991060+0300 - INFO - Пользователь ввел 9
2023-02-03T02:59:04.771104+0300 - INFO - Пользователь ввел 6
2023-02-03T02:59:05.765161+0300 - INFO - Пользователь ввел 3
2023-02-03T02:59:13.426599+0300 - DEBUG - Пользователь выбрал занятую клетку
2023-02-03T02:59:15.812736+0300 - INFO - Пользователь ввел 5
2023-02-03T02:59:17.553835+0300 - INFO - Пользователь ввел 2
2023-02-03T02:59:18.634897+0300 - DEBUG - Пользователь выбрал занятую клетку
2023-02-03T02:59:20.624011+0300 - INFO - Пользователь ввел 1
2023-02-03T02:59:21.865082+0300 - INFO - Пользователь ввел 4
2023-02-03T02:59:22.910142+0300 - INFO - Пользователь ввел 7
2023-02-03T02:59:24.070208+0300 - INFO - Пользователь ввел 8
2023-02-03T02:59:25.094267+0300 - INFO - Пользователь ввел 6
2023-02-03T02:59:26.351339+0300 - DEBUG - Пользователь выбрал занятую клетку
2023-02-03T02:59:27.445401+0300 - INFO - Пользователь ввел 1
2023-02-03T02:59:28.611468+0300 - INFO - Пользователь ввел 4
2023-02-03T02:59:29.813537+0300 - DEBUG - Пользователь выбрал занятую клетку
2023-02-03T02:59:31.279620+0300 - DEBUG - Пользователь выбрал занятую клетку
2023-02-03T02:59:32.339681+0300 - DEBUG - Пользователь выбрал занятую клетку
2023-02-03T02:59:33.357739+0300 - DEBUG - Пользователь выбрал занятую клетку
2023-02-03T02:59:34.020777+0300 - DEBUG - Пользователь выбрал занятую клетку
2023-02-03T02:59:35.484861+0300 - INFO - Пользователь ввел 2
2023-02-03T02:59:36.906942+0300 - DEBUG - Пользователь выбрал занятую клетку
2023-02-03T02:59:37.793993+0300 - INFO - Пользователь ввел "X"
2023-02-03T02:59:37.926001+0300 - INFO - Пользователь ввел 5
2023-02-03T02:59:37.984004+0300 - INFO - Пользователь ввел 3
2023-02-03T02:59:39.401085+0300 - INFO - Пользователь ввел 6
2023-02-03T02:59:41.438201+0300 - INFO - Пользователь ввел 8
2023-02-03T02:59:42.422258+0300 - INFO - Пользователь ввел 5
2023-02-03T02:59:43.372312+0300 - INFO - Пользователь ввел 9
2023-02-03T02:59:43.771335+0300 - INFO - Пользователь ввел "O"
2023-02-03T02:59:43.890342+0300 - INFO - Пользователь ввел 4
2023-02-03T02:59:46.948517+0300 - INFO - Пользователь ввел 7
2023-02-03T02:59:48.085582+0300 - INFO - Пользователь ввел 4
2023-02-03T02:59:49.052637+0300 - INFO - Пользователь ввел 1
2023-02-03T02:59:49.857683+0300 - INFO - Пользователь ввел 2
2023-02-03T02:59:50.794737+0300 - INFO - Пользователь ввел 3
2023-02-03T02:59:52.249820+0300 - INFO - Пользователь ввел 9
2023-02-03T02:59:52.883856+0300 - INFO - Пользователь ввел 8
2023-02-03T02:59:53.769907+0300 - DEBUG - Пользователь выбрал занятую клетку
2023-02-03T02:59:54.285936+0300 - DEBUG - Пользователь выбрал занятую клетку
2023-02-03T02:59:54.697960+0300 - INFO - Пользователь ввел 6
2023-02-03T03:00:02.485405+0300 - INFO - Пользователь ввел 1
2023-02-03T03:00:05.311567+0300 - INFO - Пользователь ввел 2
2023-02-03T03:00:06.427631+0300 - INFO - Пользователь ввел 4
2023-02-03T03:00:06.887657+0300 - INFO - Пользователь ввел 5
2023-02-03T03:00:08.141729+0300 - INFO - Пользователь ввел 8
2023-02-03T03:00:09.981834+0300 - INFO - Пользователь ввел 9
2023-02-03T03:00:10.807881+0300 - INFO - Пользователь ввел 6
2023-02-03T03:00:11.977948+0300 - INFO - Пользователь ввел 7
2023-02-03T11:41:15.449418+0300 - INFO - Пользователь ввел 3
2023-02-03T11:41:17.025508+0300 - INFO - Пользователь ввел 5
2023-02-03T11:41:18.232577+0300 - INFO - Пользователь ввел 6
2023-02-03T11:41:19.480648+0300 - INFO - Пользователь ввел 2
2023-02-03T11:41:20.545709+0300 - INFO - Пользователь ввел "X"
2023-02-03T11:41:20.672717+0300 - INFO - Пользователь ввел 9
2023-02-03T11:53:04.166954+0300 - INFO - Пользователь ввел 5
2023-02-03T11:53:09.685270+0300 - INFO - Пользователь ввел 3
2023-02-03T11:53:17.095694+0300 - INFO - Пользователь ввел 4
2023-02-03T11:53:18.894796+0300 - INFO - Пользователь ввел 6
2023-02-03T11:53:19.837850+0300 - INFO - Пользователь ввел 9
2023-02-03T11:53:21.568949+0300 - INFO - Пользователь ввел 1
2023-02-03T11:53:22.535005+0300 - INFO - Пользователь ввел 2
2023-02-03T11:53:23.591065+0300 - INFO - Пользователь ввел 8
2023-02-03T11:53:43.170185+0300 - INFO - Пользователь ввел 5
2023-02-03T11:53:44.477260+0300 - INFO - Пользователь ввел 7
2023-02-03T11:53:45.994347+0300 - INFO - Пользователь ввел 9
2023-02-03T11:53:46.853396+0300 - INFO - Пользователь ввел 8
2023-02-03T11:53:47.908456+0300 - INFO - Пользователь ввел "X"
2023-02-03T11:53:48.038463+0300 - INFO - Пользователь ввел 1
2023-02-03T11:53:52.635726+0300 - INFO - Пользователь ввел 5
2023-02-03T11:53:53.639784+0300 - INFO - Пользователь ввел 3
2023-02-03T11:53:54.519834+0300 - INFO - Пользователь ввел 9
2023-02-03T11:53:56.966974+0300 - INFO - Пользователь ввел 1
2023-02-03T11:53:58.079038+0300 - INFO - Пользователь ввел 4
2023-02-03T11:53:58.804079+0300 - INFO - Пользователь ввел "O"
2023-02-03T11:53:59.017091+0300 - INFO - Пользователь ввел 2
2023-02-03T11:55:29.717279+0300 - INFO - Пользователь ввел 2
2023-02-03T11:55:31.375374+0300 - INFO - Пользователь ввел 3
2023-02-03T11:55:32.942464+0300 - INFO - Пользователь ввел 1
2023-02-03T11:55:35.046584+0300 - INFO - Пользователь ввел 5
2023-02-03T11:55:36.350659+0300 - INFO - Пользователь ввел 7
2023-02-03T11:55:37.683735+0300 - INFO - Пользователь ввел 4
2023-02-03T11:55:39.701850+0300 - INFO - Пользователь ввел 6
2023-02-03T11:55:42.050985+0300 - INFO - Пользователь ввел 8
